This is pdfTeX, Version 3.14159265-2.6-1.40.18 (MiKTeX 2.9.6500 64-bit) (preloaded format=latex 2018.10.30)  4 NOV 2018 01:18
entering extended mode
**./d1995b0f092ae4367cbd72da6dd08d0ba273d197b1f5a018948b7dd532341b9f.tex
(d1995b0f092ae4367cbd72da6dd08d0ba273d197b1f5a018948b7dd532341b9f.tex
LaTeX2e <2017-04-15>
Babel <3.15> and hyphenation patterns for 75 language(s) loaded.
("C:\Program Files\MiKTeX 2.9\tex\latex\base\article.cls"
Document Class: article 2014/09/29 v1.4h Standard LaTeX document class
("C:\Program Files\MiKTeX 2.9\tex\latex\base\size10.clo"
File: size10.clo 2014/09/29 v1.4h Standard LaTeX file (size option)
)
\c@part=\count79
\c@section=\count80
\c@subsection=\count81
\c@subsubsection=\count82
\c@paragraph=\count83
\c@subparagraph=\count84
\c@figure=\count85
\c@table=\count86
\abovecaptionskip=\skip41
\belowcaptionskip=\skip42
\bibindent=\dimen102
)
No file d1995b0f092ae4367cbd72da6dd08d0ba273d197b1f5a018948b7dd532341b9f.aux.
\openout1 = `d1995b0f092ae4367cbd72da6dd08d0ba273d197b1f5a018948b7dd532341b9f.a
ux'.

LaTeX Font Info:    Checking defaults for OML/cmm/m/it on input line 2.
LaTeX Font Info:    ... okay on input line 2.
LaTeX Font Info:    Checking defaults for T1/cmr/m/n on input line 2.
LaTeX Font Info:    ... okay on input line 2.
LaTeX Font Info:    Checking defaults for OT1/cmr/m/n on input line 2.
LaTeX Font Info:    ... okay on input line 2.
LaTeX Font Info:    Checking defaults for OMS/cmsy/m/n on input line 2.
LaTeX Font Info:    ... okay on input line 2.
LaTeX Font Info:    Checking defaults for OMX/cmex/m/n on input line 2.
LaTeX Font Info:    ... okay on input line 2.
LaTeX Font Info:    Checking defaults for U/cmr/m/n on input line 2.
LaTeX Font Info:    ... okay on input line 2.
LaTeX Font Info:    External font `cmex10' loaded for size
(Font)              <7> on input line 3.
LaTeX Font Info:    External font `cmex10' loaded for size
(Font)              <5> on input line 3.
[1

]
("C:\Users\HP_\project\euclidean\elementary algebra\000-introduction-and-simple
-isolation\aux-dir\d1995b0f092ae4367cbd72da6dd08d0ba273d197b1f5a018948b7dd53234
1b9f.aux") ) 
Here is how much of TeX's memory you used:
 204 strings out of 493313
 3306 string characters out of 3138930
 53758 words of memory out of 3000000
 3839 multiletter control sequences out of 15000+200000
 3640 words of font info for 14 fonts, out of 3000000 for 9000
 1141 hyphenation exceptions out of 8191
 23i,4n,17p,190b,107s stack positions out of 5000i,500n,10000p,200000b,50000s

Output written on "C:\Users\HP_\project\euclidean\elementary algebra\000-introd
uction-and-simple-isolation\out-dir\d1995b0f092ae4367cbd72da6dd08d0ba273d197b1f
5a018948b7dd532341b9f.dvi" (1 page, 280 bytes).
